<?xml version="1.0" encoding="UTF-8"?>
<coverage generated="1572337638258" clover="3.2.0">
  <project timestamp="1572337638258" name="All files">
    <metrics statements="110" coveredstatements="110" conditionals="33" coveredconditionals="33" methods="65" coveredmethods="65" elements="208" coveredelements="208" complexity="0" loc="110" ncloc="110" packages="4" files="17" classes="17"/>
    <package name="js">
      <metrics statements="9" coveredstatements="9" conditionals="3" coveredconditionals="3" methods="6" coveredmethods="6"/>
      <file name="board.js" path="/home/konnor/the-odin-project/html-css-js/javascript/GetItDoneJS/src/js/board.js">
        <metrics statements="3" coveredstatements="3" conditionals="1" coveredconditionals="1" methods="2" coveredmethods="2"/>
        <line num="15" count="1" type="stmt"/>
        <line num="17" count="1" type="stmt"/>
        <line num="19" count="1" type="stmt"/>
      </file>
      <file name="project.js" path="/home/konnor/the-odin-project/html-css-js/javascript/GetItDoneJS/src/js/project.js">
        <metrics statements="3" coveredstatements="3" conditionals="1" coveredconditionals="1" methods="2" coveredmethods="2"/>
        <line num="17" count="8" type="stmt"/>
        <line num="19" count="8" type="stmt"/>
        <line num="21" count="8" type="stmt"/>
      </file>
      <file name="task.js" path="/home/konnor/the-odin-project/html-css-js/javascript/GetItDoneJS/src/js/task.js">
        <metrics statements="3" coveredstatements="3" conditionals="1" coveredconditionals="1" methods="2" coveredmethods="2"/>
        <line num="17" count="1" type="stmt"/>
        <line num="19" count="1" type="stmt"/>
        <line num="21" count="1" type="stmt"/>
      </file>
    </package>
    <package name="js.mixins">
      <metrics statements="16" coveredstatements="16" conditionals="3" coveredconditionals="3" methods="10" coveredmethods="10"/>
      <file name="itemMixin.js" path="/home/konnor/the-odin-project/html-css-js/javascript/GetItDoneJS/src/js/mixins/itemMixin.js">
        <metrics statements="2" coveredstatements="2" conditionals="1" coveredconditionals="1" methods="2" coveredmethods="2"/>
        <line num="19" count="11" type="cond" truecount="1" falsecount="0"/>
        <line num="20" count="11" type="stmt"/>
      </file>
      <file name="withProjects.js" path="/home/konnor/the-odin-project/html-css-js/javascript/GetItDoneJS/src/js/mixins/withProjects.js">
        <metrics statements="7" coveredstatements="7" conditionals="1" coveredconditionals="1" methods="4" coveredmethods="4"/>
        <line num="24" count="2" type="cond" truecount="1" falsecount="0"/>
        <line num="25" count="1" type="stmt"/>
        <line num="27" count="1" type="stmt"/>
        <line num="28" count="1" type="stmt"/>
        <line num="29" count="1" type="stmt"/>
        <line num="32" count="1" type="stmt"/>
        <line num="34" count="1" type="stmt"/>
      </file>
      <file name="withTasks.js" path="/home/konnor/the-odin-project/html-css-js/javascript/GetItDoneJS/src/js/mixins/withTasks.js">
        <metrics statements="7" coveredstatements="7" conditionals="1" coveredconditionals="1" methods="4" coveredmethods="4"/>
        <line num="24" count="9" type="cond" truecount="1" falsecount="0"/>
        <line num="25" count="9" type="stmt"/>
        <line num="27" count="9" type="stmt"/>
        <line num="28" count="4" type="stmt"/>
        <line num="29" count="4" type="stmt"/>
        <line num="32" count="9" type="stmt"/>
        <line num="34" count="9" type="stmt"/>
      </file>
    </package>
    <package name="js.mixins.itemMixins">
      <metrics statements="71" coveredstatements="71" conditionals="24" coveredconditionals="24" methods="38" coveredmethods="38"/>
      <file name="withDescription.js" path="/home/konnor/the-odin-project/html-css-js/javascript/GetItDoneJS/src/js/mixins/itemMixins/withDescription.js">
        <metrics statements="5" coveredstatements="5" conditionals="1" coveredconditionals="1" methods="4" coveredmethods="4"/>
        <line num="22" count="13" type="cond" truecount="1" falsecount="0"/>
        <line num="23" count="13" type="stmt"/>
        <line num="25" count="13" type="stmt"/>
        <line num="27" count="13" type="stmt"/>
        <line num="29" count="13" type="stmt"/>
      </file>
      <file name="withEndDate.js" path="/home/konnor/the-odin-project/html-css-js/javascript/GetItDoneJS/src/js/mixins/itemMixins/withEndDate.js">
        <metrics statements="5" coveredstatements="5" conditionals="1" coveredconditionals="1" methods="4" coveredmethods="4"/>
        <line num="22" count="13" type="cond" truecount="1" falsecount="0"/>
        <line num="23" count="13" type="stmt"/>
        <line num="25" count="13" type="stmt"/>
        <line num="26" count="13" type="stmt"/>
        <line num="28" count="13" type="stmt"/>
      </file>
      <file name="withFinished.js" path="/home/konnor/the-odin-project/html-css-js/javascript/GetItDoneJS/src/js/mixins/itemMixins/withFinished.js">
        <metrics statements="7" coveredstatements="7" conditionals="1" coveredconditionals="1" methods="6" coveredmethods="6"/>
        <line num="26" count="13" type="cond" truecount="1" falsecount="0"/>
        <line num="27" count="13" type="stmt"/>
        <line num="29" count="13" type="stmt"/>
        <line num="30" count="13" type="stmt"/>
        <line num="31" count="13" type="stmt"/>
        <line num="32" count="13" type="stmt"/>
        <line num="34" count="13" type="stmt"/>
      </file>
      <file name="withLabels.js" path="/home/konnor/the-odin-project/html-css-js/javascript/GetItDoneJS/src/js/mixins/itemMixins/withLabels.js">
        <metrics statements="7" coveredstatements="7" conditionals="1" coveredconditionals="1" methods="4" coveredmethods="4"/>
        <line num="24" count="14" type="cond" truecount="1" falsecount="0"/>
        <line num="25" count="14" type="stmt"/>
        <line num="27" count="14" type="stmt"/>
        <line num="29" count="14" type="stmt"/>
        <line num="30" count="3" type="stmt"/>
        <line num="31" count="3" type="stmt"/>
        <line num="34" count="14" type="stmt"/>
      </file>
      <file name="withNotes.js" path="/home/konnor/the-odin-project/html-css-js/javascript/GetItDoneJS/src/js/mixins/itemMixins/withNotes.js">
        <metrics statements="7" coveredstatements="7" conditionals="1" coveredconditionals="1" methods="4" coveredmethods="4"/>
        <line num="25" count="14" type="cond" truecount="1" falsecount="0"/>
        <line num="26" count="14" type="stmt"/>
        <line num="28" count="14" type="stmt"/>
        <line num="30" count="14" type="stmt"/>
        <line num="31" count="3" type="stmt"/>
        <line num="32" count="3" type="stmt"/>
        <line num="35" count="14" type="stmt"/>
      </file>
      <file name="withPriority.js" path="/home/konnor/the-odin-project/html-css-js/javascript/GetItDoneJS/src/js/mixins/itemMixins/withPriority.js">
        <metrics statements="31" coveredstatements="31" conditionals="17" coveredconditionals="17" methods="8" coveredmethods="8"/>
        <line num="23" count="16" type="cond" truecount="1" falsecount="0"/>
        <line num="24" count="16" type="stmt"/>
        <line num="25" count="16" type="stmt"/>
        <line num="26" count="16" type="stmt"/>
        <line num="28" count="16" type="stmt"/>
        <line num="30" count="16" type="stmt"/>
        <line num="32" count="5" type="cond" truecount="2" falsecount="0"/>
        <line num="33" count="2" type="stmt"/>
        <line num="36" count="5" type="stmt"/>
        <line num="39" count="16" type="stmt"/>
        <line num="40" count="5" type="stmt"/>
        <line num="43" count="5" type="cond" truecount="2" falsecount="0"/>
        <line num="44" count="1" type="stmt"/>
        <line num="47" count="4" type="stmt"/>
        <line num="50" count="4" type="cond" truecount="4" falsecount="0"/>
        <line num="51" count="2" type="stmt"/>
        <line num="54" count="2" type="stmt"/>
        <line num="57" count="16" type="stmt"/>
        <line num="58" count="6" type="stmt"/>
        <line num="60" count="6" type="cond" truecount="2" falsecount="0"/>
        <line num="61" count="3" type="stmt"/>
        <line num="64" count="6" type="stmt"/>
        <line num="67" count="16" type="stmt"/>
        <line num="68" count="5" type="cond" truecount="4" falsecount="0"/>
        <line num="69" count="4" type="stmt"/>
        <line num="71" count="1" type="stmt"/>
        <line num="74" count="16" type="stmt"/>
        <line num="75" count="11" type="cond" truecount="2" falsecount="0"/>
        <line num="76" count="5" type="stmt"/>
        <line num="79" count="6" type="stmt"/>
        <line num="82" count="16" type="stmt"/>
      </file>
      <file name="withStartDate.js" path="/home/konnor/the-odin-project/html-css-js/javascript/GetItDoneJS/src/js/mixins/itemMixins/withStartDate.js">
        <metrics statements="4" coveredstatements="4" conditionals="1" coveredconditionals="1" methods="4" coveredmethods="4"/>
        <line num="22" count="13" type="cond" truecount="1" falsecount="0"/>
        <line num="23" count="13" type="stmt"/>
        <line num="24" count="13" type="stmt"/>
        <line num="26" count="13" type="stmt"/>
      </file>
      <file name="withTitle.js" path="/home/konnor/the-odin-project/html-css-js/javascript/GetItDoneJS/src/js/mixins/itemMixins/withTitle.js">
        <metrics statements="5" coveredstatements="5" conditionals="1" coveredconditionals="1" methods="4" coveredmethods="4"/>
        <line num="22" count="13" type="cond" truecount="1" falsecount="0"/>
        <line num="23" count="13" type="stmt"/>
        <line num="24" count="13" type="stmt"/>
        <line num="25" count="13" type="stmt"/>
        <line num="27" count="13" type="stmt"/>
      </file>
    </package>
    <package name="js.utils">
      <metrics statements="14" coveredstatements="14" conditionals="3" coveredconditionals="3" methods="11" coveredmethods="11"/>
      <file name="arrayUtils.js" path="/home/konnor/the-odin-project/html-css-js/javascript/GetItDoneJS/src/js/utils/arrayUtils.js">
        <metrics statements="4" coveredstatements="4" conditionals="0" coveredconditionals="0" methods="3" coveredmethods="3"/>
        <line num="22" count="11" type="stmt"/>
        <line num="23" count="11" type="stmt"/>
        <line num="24" count="25" type="stmt"/>
        <line num="25" count="11" type="stmt"/>
      </file>
      <file name="domManipulator.js" path="/home/konnor/the-odin-project/html-css-js/javascript/GetItDoneJS/src/js/utils/domManipulator.js">
        <metrics statements="9" coveredstatements="9" conditionals="3" coveredconditionals="3" methods="5" coveredmethods="5"/>
        <line num="8" count="1" type="cond" truecount="1" falsecount="0"/>
        <line num="9" count="8" type="cond" truecount="2" falsecount="0"/>
        <line num="10" count="1" type="stmt"/>
        <line num="13" count="7" type="stmt"/>
        <line num="16" count="7" type="stmt"/>
        <line num="18" count="7" type="stmt"/>
        <line num="23" count="1" type="stmt"/>
        <line num="24" count="3" type="stmt"/>
        <line num="27" count="1" type="stmt"/>
      </file>
      <file name="pipe.js" path="/home/konnor/the-odin-project/html-css-js/javascript/GetItDoneJS/src/js/utils/pipe.js">
        <metrics statements="1" coveredstatements="1" conditionals="0" coveredconditionals="0" methods="3" coveredmethods="3"/>
        <line num="20" count="112" type="stmt"/>
      </file>
    </package>
  </project>
</coverage>
