{"/home/konnor/the-odin-project/html-css-js/javascript/GetItDoneJS/src/js/board.js": {"path":"/home/konnor/the-odin-project/html-css-js/javascript/GetItDoneJS/src/js/board.js","statementMap":{"0":{"start":{"line":15,"column":19},"end":{"line":15,"column":23}},"1":{"start":{"line":17,"column":18},"end":{"line":17,"column":33}},"2":{"start":{"line":17,"column":25},"end":{"line":17,"column":33}},"3":{"start":{"line":19,"column":2},"end":{"line":22,"column":15}}},"fnMap":{"0":{"name":"Board","decl":{"start":{"line":14,"column":25},"end":{"line":14,"column":30}},"loc":{"start":{"line":14,"column":43},"end":{"line":23,"column":1}},"line":14},"1":{"name":"(anonymous_1)","decl":{"start":{"line":17,"column":18},"end":{"line":17,"column":19}},"loc":{"start":{"line":17,"column":25},"end":{"line":17,"column":33}},"line":17}},"branchMap":{"0":{"loc":{"start":{"line":14,"column":31},"end":{"line":14,"column":41}},"type":"default-arg","locations":[{"start":{"line":14,"column":39},"end":{"line":14,"column":41}}],"line":14}},"s":{"0":1,"1":1,"2":1,"3":1},"f":{"0":1,"1":1},"b":{"0":[1]},"_coverageSchema":"43e27e138ebf9cfc5966b082cf9a028302ed4184","hash":"54a02b95444b903ba186eabccaa229171c4e2738"}
,"/home/konnor/the-odin-project/html-css-js/javascript/GetItDoneJS/src/js/project.js": {"path":"/home/konnor/the-odin-project/html-css-js/javascript/GetItDoneJS/src/js/project.js","statementMap":{"0":{"start":{"line":17,"column":21},"end":{"line":17,"column":25}},"1":{"start":{"line":19,"column":20},"end":{"line":19,"column":36}},"2":{"start":{"line":19,"column":26},"end":{"line":19,"column":36}},"3":{"start":{"line":21,"column":2},"end":{"line":24,"column":17}}},"fnMap":{"0":{"name":"Project","decl":{"start":{"line":16,"column":24},"end":{"line":16,"column":31}},"loc":{"start":{"line":16,"column":44},"end":{"line":25,"column":1}},"line":16},"1":{"name":"(anonymous_1)","decl":{"start":{"line":19,"column":20},"end":{"line":19,"column":21}},"loc":{"start":{"line":19,"column":26},"end":{"line":19,"column":36}},"line":19}},"branchMap":{"0":{"loc":{"start":{"line":16,"column":32},"end":{"line":16,"column":42}},"type":"default-arg","locations":[{"start":{"line":16,"column":40},"end":{"line":16,"column":42}}],"line":16}},"s":{"0":8,"1":8,"2":2,"3":8},"f":{"0":8,"1":2},"b":{"0":[6]},"_coverageSchema":"43e27e138ebf9cfc5966b082cf9a028302ed4184","hash":"f8552acb1f00c31b2d0cdde39ced869cf33e5bc3"}
,"/home/konnor/the-odin-project/html-css-js/javascript/GetItDoneJS/src/js/task.js": {"path":"/home/konnor/the-odin-project/html-css-js/javascript/GetItDoneJS/src/js/task.js","statementMap":{"0":{"start":{"line":17,"column":18},"end":{"line":17,"column":22}},"1":{"start":{"line":19,"column":17},"end":{"line":19,"column":30}},"2":{"start":{"line":19,"column":23},"end":{"line":19,"column":30}},"3":{"start":{"line":21,"column":2},"end":{"line":21,"column":42}}},"fnMap":{"0":{"name":"Task","decl":{"start":{"line":16,"column":24},"end":{"line":16,"column":28}},"loc":{"start":{"line":16,"column":41},"end":{"line":22,"column":1}},"line":16},"1":{"name":"(anonymous_1)","decl":{"start":{"line":19,"column":17},"end":{"line":19,"column":18}},"loc":{"start":{"line":19,"column":23},"end":{"line":19,"column":30}},"line":19}},"branchMap":{"0":{"loc":{"start":{"line":16,"column":29},"end":{"line":16,"column":39}},"type":"default-arg","locations":[{"start":{"line":16,"column":37},"end":{"line":16,"column":39}}],"line":16}},"s":{"0":1,"1":1,"2":1,"3":1},"f":{"0":1,"1":1},"b":{"0":[1]},"_coverageSchema":"43e27e138ebf9cfc5966b082cf9a028302ed4184","hash":"48bf17df80409d40599faac388f5aa281a2c684c"}
,"/home/konnor/the-odin-project/html-css-js/javascript/GetItDoneJS/src/js/mixins/itemMixin.js": {"path":"/home/konnor/the-odin-project/html-css-js/javascript/GetItDoneJS/src/js/mixins/itemMixin.js","statementMap":{"0":{"start":{"line":19,"column":31},"end":{"line":33,"column":1}},"1":{"start":{"line":20,"column":2},"end":{"line":32,"column":4}}},"fnMap":{"0":{"name":"(anonymous_0)","decl":{"start":{"line":19,"column":15},"end":{"line":19,"column":16}},"loc":{"start":{"line":19,"column":31},"end":{"line":33,"column":1}},"line":19},"1":{"name":"(anonymous_1)","decl":{"start":{"line":19,"column":31},"end":{"line":19,"column":32}},"loc":{"start":{"line":19,"column":38},"end":{"line":33,"column":1}},"line":19}},"branchMap":{"0":{"loc":{"start":{"line":19,"column":16},"end":{"line":19,"column":26}},"type":"default-arg","locations":[{"start":{"line":19,"column":24},"end":{"line":19,"column":26}}],"line":19}},"s":{"0":11,"1":11},"f":{"0":11,"1":11},"b":{"0":[1]},"_coverageSchema":"43e27e138ebf9cfc5966b082cf9a028302ed4184","hash":"065ea81ea526624411c91c2796bbcaa3057fa122"}
,"/home/konnor/the-odin-project/html-css-js/javascript/GetItDoneJS/src/js/mixins/withProjects.js": {"path":"/home/konnor/the-odin-project/html-css-js/javascript/GetItDoneJS/src/js/mixins/withProjects.js","statementMap":{"0":{"start":{"line":24,"column":28},"end":{"line":39,"column":1}},"1":{"start":{"line":24,"column":47},"end":{"line":39,"column":1}},"2":{"start":{"line":25,"column":18},"end":{"line":25,"column":26}},"3":{"start":{"line":27,"column":22},"end":{"line":30,"column":3}},"4":{"start":{"line":28,"column":4},"end":{"line":28,"column":58}},"5":{"start":{"line":29,"column":4},"end":{"line":29,"column":21}},"6":{"start":{"line":32,"column":22},"end":{"line":32,"column":37}},"7":{"start":{"line":32,"column":28},"end":{"line":32,"column":37}},"8":{"start":{"line":34,"column":2},"end":{"line":38,"column":4}}},"fnMap":{"0":{"name":"(anonymous_0)","decl":{"start":{"line":24,"column":28},"end":{"line":24,"column":29}},"loc":{"start":{"line":24,"column":47},"end":{"line":39,"column":1}},"line":24},"1":{"name":"(anonymous_1)","decl":{"start":{"line":24,"column":47},"end":{"line":24,"column":48}},"loc":{"start":{"line":24,"column":54},"end":{"line":39,"column":1}},"line":24},"2":{"name":"(anonymous_2)","decl":{"start":{"line":27,"column":22},"end":{"line":27,"column":23}},"loc":{"start":{"line":27,"column":42},"end":{"line":30,"column":3}},"line":27},"3":{"name":"(anonymous_3)","decl":{"start":{"line":32,"column":22},"end":{"line":32,"column":23}},"loc":{"start":{"line":32,"column":28},"end":{"line":32,"column":37}},"line":32}},"branchMap":{"0":{"loc":{"start":{"line":24,"column":29},"end":{"line":24,"column":42}},"type":"default-arg","locations":[{"start":{"line":24,"column":40},"end":{"line":24,"column":42}}],"line":24}},"s":{"0":2,"1":1,"2":1,"3":1,"4":1,"5":1,"6":1,"7":1,"8":1},"f":{"0":1,"1":1,"2":1,"3":1},"b":{"0":[1]},"_coverageSchema":"43e27e138ebf9cfc5966b082cf9a028302ed4184","hash":"49589789b4547e470695b9c34c5831d0cb4aa553"}
,"/home/konnor/the-odin-project/html-css-js/javascript/GetItDoneJS/src/js/mixins/withTasks.js": {"path":"/home/konnor/the-odin-project/html-css-js/javascript/GetItDoneJS/src/js/mixins/withTasks.js","statementMap":{"0":{"start":{"line":24,"column":25},"end":{"line":39,"column":1}},"1":{"start":{"line":24,"column":41},"end":{"line":39,"column":1}},"2":{"start":{"line":25,"column":15},"end":{"line":25,"column":20}},"3":{"start":{"line":27,"column":19},"end":{"line":30,"column":3}},"4":{"start":{"line":28,"column":4},"end":{"line":28,"column":49}},"5":{"start":{"line":29,"column":4},"end":{"line":29,"column":18}},"6":{"start":{"line":32,"column":19},"end":{"line":32,"column":31}},"7":{"start":{"line":32,"column":25},"end":{"line":32,"column":31}},"8":{"start":{"line":34,"column":2},"end":{"line":38,"column":4}}},"fnMap":{"0":{"name":"(anonymous_0)","decl":{"start":{"line":24,"column":25},"end":{"line":24,"column":26}},"loc":{"start":{"line":24,"column":41},"end":{"line":39,"column":1}},"line":24},"1":{"name":"(anonymous_1)","decl":{"start":{"line":24,"column":41},"end":{"line":24,"column":42}},"loc":{"start":{"line":24,"column":48},"end":{"line":39,"column":1}},"line":24},"2":{"name":"(anonymous_2)","decl":{"start":{"line":27,"column":19},"end":{"line":27,"column":20}},"loc":{"start":{"line":27,"column":36},"end":{"line":30,"column":3}},"line":27},"3":{"name":"(anonymous_3)","decl":{"start":{"line":32,"column":19},"end":{"line":32,"column":20}},"loc":{"start":{"line":32,"column":25},"end":{"line":32,"column":31}},"line":32}},"branchMap":{"0":{"loc":{"start":{"line":24,"column":26},"end":{"line":24,"column":36}},"type":"default-arg","locations":[{"start":{"line":24,"column":34},"end":{"line":24,"column":36}}],"line":24}},"s":{"0":3,"1":9,"2":9,"3":9,"4":4,"5":4,"6":9,"7":7,"8":9},"f":{"0":9,"1":9,"2":4,"3":7},"b":{"0":[8]},"_coverageSchema":"43e27e138ebf9cfc5966b082cf9a028302ed4184","hash":"e40725529173aa54442f3f77e8302a076eaeba67"}
,"/home/konnor/the-odin-project/html-css-js/javascript/GetItDoneJS/src/js/mixins/itemMixins/withDescription.js": {"path":"/home/konnor/the-odin-project/html-css-js/javascript/GetItDoneJS/src/js/mixins/itemMixins/withDescription.js","statementMap":{"0":{"start":{"line":22,"column":31},"end":{"line":34,"column":1}},"1":{"start":{"line":22,"column":53},"end":{"line":34,"column":1}},"2":{"start":{"line":23,"column":21},"end":{"line":23,"column":32}},"3":{"start":{"line":25,"column":25},"end":{"line":25,"column":43}},"4":{"start":{"line":25,"column":31},"end":{"line":25,"column":43}},"5":{"start":{"line":27,"column":25},"end":{"line":27,"column":74}},"6":{"start":{"line":27,"column":44},"end":{"line":27,"column":73}},"7":{"start":{"line":29,"column":2},"end":{"line":33,"column":4}}},"fnMap":{"0":{"name":"(anonymous_0)","decl":{"start":{"line":22,"column":31},"end":{"line":22,"column":32}},"loc":{"start":{"line":22,"column":53},"end":{"line":34,"column":1}},"line":22},"1":{"name":"(anonymous_1)","decl":{"start":{"line":22,"column":53},"end":{"line":22,"column":54}},"loc":{"start":{"line":22,"column":60},"end":{"line":34,"column":1}},"line":22},"2":{"name":"(anonymous_2)","decl":{"start":{"line":25,"column":25},"end":{"line":25,"column":26}},"loc":{"start":{"line":25,"column":31},"end":{"line":25,"column":43}},"line":25},"3":{"name":"(anonymous_3)","decl":{"start":{"line":27,"column":25},"end":{"line":27,"column":26}},"loc":{"start":{"line":27,"column":44},"end":{"line":27,"column":73}},"line":27}},"branchMap":{"0":{"loc":{"start":{"line":22,"column":32},"end":{"line":22,"column":48}},"type":"default-arg","locations":[{"start":{"line":22,"column":46},"end":{"line":22,"column":48}}],"line":22}},"s":{"0":4,"1":13,"2":13,"3":13,"4":4,"5":13,"6":1,"7":13},"f":{"0":13,"1":13,"2":4,"3":1},"b":{"0":[12]},"_coverageSchema":"43e27e138ebf9cfc5966b082cf9a028302ed4184","hash":"84e89ba43139c9f32af7cdf4553329d83fac565f"}
,"/home/konnor/the-odin-project/html-css-js/javascript/GetItDoneJS/src/js/mixins/itemMixins/withEndDate.js": {"path":"/home/konnor/the-odin-project/html-css-js/javascript/GetItDoneJS/src/js/mixins/itemMixins/withEndDate.js","statementMap":{"0":{"start":{"line":22,"column":27},"end":{"line":33,"column":1}},"1":{"start":{"line":22,"column":47},"end":{"line":33,"column":1}},"2":{"start":{"line":23,"column":17},"end":{"line":23,"column":24}},"3":{"start":{"line":25,"column":21},"end":{"line":25,"column":35}},"4":{"start":{"line":25,"column":27},"end":{"line":25,"column":35}},"5":{"start":{"line":26,"column":21},"end":{"line":26,"column":58}},"6":{"start":{"line":26,"column":36},"end":{"line":26,"column":57}},"7":{"start":{"line":28,"column":2},"end":{"line":32,"column":4}}},"fnMap":{"0":{"name":"(anonymous_0)","decl":{"start":{"line":22,"column":27},"end":{"line":22,"column":28}},"loc":{"start":{"line":22,"column":47},"end":{"line":33,"column":1}},"line":22},"1":{"name":"(anonymous_1)","decl":{"start":{"line":22,"column":47},"end":{"line":22,"column":48}},"loc":{"start":{"line":22,"column":54},"end":{"line":33,"column":1}},"line":22},"2":{"name":"(anonymous_2)","decl":{"start":{"line":25,"column":21},"end":{"line":25,"column":22}},"loc":{"start":{"line":25,"column":27},"end":{"line":25,"column":35}},"line":25},"3":{"name":"(anonymous_3)","decl":{"start":{"line":26,"column":21},"end":{"line":26,"column":22}},"loc":{"start":{"line":26,"column":36},"end":{"line":26,"column":57}},"line":26}},"branchMap":{"0":{"loc":{"start":{"line":22,"column":28},"end":{"line":22,"column":42}},"type":"default-arg","locations":[{"start":{"line":22,"column":38},"end":{"line":22,"column":42}}],"line":22}},"s":{"0":4,"1":13,"2":13,"3":13,"4":2,"5":13,"6":1,"7":13},"f":{"0":13,"1":13,"2":2,"3":1},"b":{"0":[13]},"_coverageSchema":"43e27e138ebf9cfc5966b082cf9a028302ed4184","hash":"51e23e9ca3a70fc643817040bdf92f052db1b28d"}
,"/home/konnor/the-odin-project/html-css-js/javascript/GetItDoneJS/src/js/mixins/itemMixins/withFinished.js": {"path":"/home/konnor/the-odin-project/html-css-js/javascript/GetItDoneJS/src/js/mixins/itemMixins/withFinished.js","statementMap":{"0":{"start":{"line":26,"column":28},"end":{"line":41,"column":1}},"1":{"start":{"line":26,"column":50},"end":{"line":41,"column":1}},"2":{"start":{"line":27,"column":18},"end":{"line":27,"column":26}},"3":{"start":{"line":29,"column":21},"end":{"line":29,"column":36}},"4":{"start":{"line":29,"column":27},"end":{"line":29,"column":36}},"5":{"start":{"line":30,"column":23},"end":{"line":30,"column":39}},"6":{"start":{"line":30,"column":29},"end":{"line":30,"column":39}},"7":{"start":{"line":31,"column":17},"end":{"line":31,"column":41}},"8":{"start":{"line":31,"column":24},"end":{"line":31,"column":40}},"9":{"start":{"line":32,"column":25},"end":{"line":32,"column":50}},"10":{"start":{"line":32,"column":32},"end":{"line":32,"column":49}},"11":{"start":{"line":34,"column":2},"end":{"line":40,"column":4}}},"fnMap":{"0":{"name":"(anonymous_0)","decl":{"start":{"line":26,"column":28},"end":{"line":26,"column":29}},"loc":{"start":{"line":26,"column":50},"end":{"line":41,"column":1}},"line":26},"1":{"name":"(anonymous_1)","decl":{"start":{"line":26,"column":50},"end":{"line":26,"column":51}},"loc":{"start":{"line":26,"column":57},"end":{"line":41,"column":1}},"line":26},"2":{"name":"(anonymous_2)","decl":{"start":{"line":29,"column":21},"end":{"line":29,"column":22}},"loc":{"start":{"line":29,"column":27},"end":{"line":29,"column":36}},"line":29},"3":{"name":"(anonymous_3)","decl":{"start":{"line":30,"column":23},"end":{"line":30,"column":24}},"loc":{"start":{"line":30,"column":29},"end":{"line":30,"column":39}},"line":30},"4":{"name":"(anonymous_4)","decl":{"start":{"line":31,"column":17},"end":{"line":31,"column":18}},"loc":{"start":{"line":31,"column":24},"end":{"line":31,"column":40}},"line":31},"5":{"name":"(anonymous_5)","decl":{"start":{"line":32,"column":25},"end":{"line":32,"column":26}},"loc":{"start":{"line":32,"column":32},"end":{"line":32,"column":49}},"line":32}},"branchMap":{"0":{"loc":{"start":{"line":26,"column":29},"end":{"line":26,"column":45}},"type":"default-arg","locations":[{"start":{"line":26,"column":40},"end":{"line":26,"column":45}}],"line":26}},"s":{"0":4,"1":13,"2":13,"3":13,"4":4,"5":13,"6":3,"7":13,"8":1,"9":13,"10":1,"11":13},"f":{"0":13,"1":13,"2":4,"3":3,"4":1,"5":1},"b":{"0":[12]},"_coverageSchema":"43e27e138ebf9cfc5966b082cf9a028302ed4184","hash":"5b678b48b8d8f602607f5f97e673f6a5d483c77f"}
,"/home/konnor/the-odin-project/html-css-js/javascript/GetItDoneJS/src/js/mixins/itemMixins/withLabels.js": {"path":"/home/konnor/the-odin-project/html-css-js/javascript/GetItDoneJS/src/js/mixins/itemMixins/withLabels.js","statementMap":{"0":{"start":{"line":24,"column":26},"end":{"line":39,"column":1}},"1":{"start":{"line":24,"column":43},"end":{"line":39,"column":1}},"2":{"start":{"line":25,"column":16},"end":{"line":25,"column":22}},"3":{"start":{"line":27,"column":20},"end":{"line":27,"column":33}},"4":{"start":{"line":27,"column":26},"end":{"line":27,"column":33}},"5":{"start":{"line":29,"column":20},"end":{"line":32,"column":3}},"6":{"start":{"line":30,"column":4},"end":{"line":30,"column":52}},"7":{"start":{"line":31,"column":4},"end":{"line":31,"column":19}},"8":{"start":{"line":34,"column":2},"end":{"line":38,"column":4}}},"fnMap":{"0":{"name":"(anonymous_0)","decl":{"start":{"line":24,"column":26},"end":{"line":24,"column":27}},"loc":{"start":{"line":24,"column":43},"end":{"line":39,"column":1}},"line":24},"1":{"name":"(anonymous_1)","decl":{"start":{"line":24,"column":43},"end":{"line":24,"column":44}},"loc":{"start":{"line":24,"column":50},"end":{"line":39,"column":1}},"line":24},"2":{"name":"(anonymous_2)","decl":{"start":{"line":27,"column":20},"end":{"line":27,"column":21}},"loc":{"start":{"line":27,"column":26},"end":{"line":27,"column":33}},"line":27},"3":{"name":"(anonymous_3)","decl":{"start":{"line":29,"column":20},"end":{"line":29,"column":21}},"loc":{"start":{"line":29,"column":38},"end":{"line":32,"column":3}},"line":29}},"branchMap":{"0":{"loc":{"start":{"line":24,"column":27},"end":{"line":24,"column":38}},"type":"default-arg","locations":[{"start":{"line":24,"column":36},"end":{"line":24,"column":38}}],"line":24}},"s":{"0":4,"1":14,"2":14,"3":14,"4":3,"5":14,"6":3,"7":3,"8":14},"f":{"0":14,"1":14,"2":3,"3":3},"b":{"0":[14]},"_coverageSchema":"43e27e138ebf9cfc5966b082cf9a028302ed4184","hash":"700c7f136f4726cffea4fe5315c051aae34b62fc"}
,"/home/konnor/the-odin-project/html-css-js/javascript/GetItDoneJS/src/js/mixins/itemMixins/withNotes.js": {"path":"/home/konnor/the-odin-project/html-css-js/javascript/GetItDoneJS/src/js/mixins/itemMixins/withNotes.js","statementMap":{"0":{"start":{"line":25,"column":25},"end":{"line":40,"column":1}},"1":{"start":{"line":25,"column":41},"end":{"line":40,"column":1}},"2":{"start":{"line":26,"column":15},"end":{"line":26,"column":20}},"3":{"start":{"line":28,"column":19},"end":{"line":28,"column":31}},"4":{"start":{"line":28,"column":25},"end":{"line":28,"column":31}},"5":{"start":{"line":30,"column":19},"end":{"line":33,"column":3}},"6":{"start":{"line":31,"column":4},"end":{"line":31,"column":49}},"7":{"start":{"line":32,"column":4},"end":{"line":32,"column":18}},"8":{"start":{"line":35,"column":2},"end":{"line":39,"column":4}}},"fnMap":{"0":{"name":"(anonymous_0)","decl":{"start":{"line":25,"column":25},"end":{"line":25,"column":26}},"loc":{"start":{"line":25,"column":41},"end":{"line":40,"column":1}},"line":25},"1":{"name":"(anonymous_1)","decl":{"start":{"line":25,"column":41},"end":{"line":25,"column":42}},"loc":{"start":{"line":25,"column":48},"end":{"line":40,"column":1}},"line":25},"2":{"name":"(anonymous_2)","decl":{"start":{"line":28,"column":19},"end":{"line":28,"column":20}},"loc":{"start":{"line":28,"column":25},"end":{"line":28,"column":31}},"line":28},"3":{"name":"(anonymous_3)","decl":{"start":{"line":30,"column":19},"end":{"line":30,"column":20}},"loc":{"start":{"line":30,"column":36},"end":{"line":33,"column":3}},"line":30}},"branchMap":{"0":{"loc":{"start":{"line":25,"column":26},"end":{"line":25,"column":36}},"type":"default-arg","locations":[{"start":{"line":25,"column":34},"end":{"line":25,"column":36}}],"line":25}},"s":{"0":4,"1":14,"2":14,"3":14,"4":3,"5":14,"6":3,"7":3,"8":14},"f":{"0":14,"1":14,"2":3,"3":3},"b":{"0":[14]},"_coverageSchema":"43e27e138ebf9cfc5966b082cf9a028302ed4184","hash":"c64bac4c37e7b888e6f34b7902187e4933cc02a0"}
,"/home/konnor/the-odin-project/html-css-js/javascript/GetItDoneJS/src/js/mixins/itemMixins/withPriority.js": {"path":"/home/konnor/the-odin-project/html-css-js/javascript/GetItDoneJS/src/js/mixins/itemMixins/withPriority.js","statementMap":{"0":{"start":{"line":23,"column":28},"end":{"line":87,"column":1}},"1":{"start":{"line":23,"column":46},"end":{"line":87,"column":1}},"2":{"start":{"line":24,"column":18},"end":{"line":24,"column":26}},"3":{"start":{"line":25,"column":23},"end":{"line":25,"column":24}},"4":{"start":{"line":26,"column":23},"end":{"line":26,"column":24}},"5":{"start":{"line":28,"column":22},"end":{"line":28,"column":37}},"6":{"start":{"line":28,"column":28},"end":{"line":28,"column":37}},"7":{"start":{"line":30,"column":22},"end":{"line":37,"column":3}},"8":{"start":{"line":32,"column":4},"end":{"line":34,"column":5}},"9":{"start":{"line":33,"column":6},"end":{"line":33,"column":45}},"10":{"start":{"line":36,"column":4},"end":{"line":36,"column":21}},"11":{"start":{"line":39,"column":27},"end":{"line":55,"column":3}},"12":{"start":{"line":40,"column":25},"end":{"line":40,"column":43}},"13":{"start":{"line":43,"column":4},"end":{"line":45,"column":5}},"14":{"start":{"line":44,"column":6},"end":{"line":44,"column":19}},"15":{"start":{"line":47,"column":4},"end":{"line":47,"column":45}},"16":{"start":{"line":50,"column":4},"end":{"line":52,"column":5}},"17":{"start":{"line":51,"column":6},"end":{"line":51,"column":19}},"18":{"start":{"line":54,"column":4},"end":{"line":54,"column":16}},"19":{"start":{"line":57,"column":24},"end":{"line":65,"column":3}},"20":{"start":{"line":58,"column":25},"end":{"line":58,"column":43}},"21":{"start":{"line":60,"column":4},"end":{"line":62,"column":5}},"22":{"start":{"line":61,"column":6},"end":{"line":61,"column":46}},"23":{"start":{"line":64,"column":4},"end":{"line":64,"column":23}},"24":{"start":{"line":67,"column":27},"end":{"line":72,"column":3}},"25":{"start":{"line":68,"column":4},"end":{"line":70,"column":5}},"26":{"start":{"line":69,"column":6},"end":{"line":69,"column":18}},"27":{"start":{"line":71,"column":4},"end":{"line":71,"column":17}},"28":{"start":{"line":74,"column":19},"end":{"line":80,"column":3}},"29":{"start":{"line":75,"column":4},"end":{"line":77,"column":5}},"30":{"start":{"line":76,"column":6},"end":{"line":76,"column":18}},"31":{"start":{"line":79,"column":4},"end":{"line":79,"column":17}},"32":{"start":{"line":82,"column":2},"end":{"line":86,"column":4}}},"fnMap":{"0":{"name":"(anonymous_0)","decl":{"start":{"line":23,"column":28},"end":{"line":23,"column":29}},"loc":{"start":{"line":23,"column":46},"end":{"line":87,"column":1}},"line":23},"1":{"name":"(anonymous_1)","decl":{"start":{"line":23,"column":46},"end":{"line":23,"column":47}},"loc":{"start":{"line":23,"column":53},"end":{"line":87,"column":1}},"line":23},"2":{"name":"(anonymous_2)","decl":{"start":{"line":28,"column":22},"end":{"line":28,"column":23}},"loc":{"start":{"line":28,"column":28},"end":{"line":28,"column":37}},"line":28},"3":{"name":"(anonymous_3)","decl":{"start":{"line":30,"column":22},"end":{"line":30,"column":23}},"loc":{"start":{"line":30,"column":37},"end":{"line":37,"column":3}},"line":30},"4":{"name":"(anonymous_4)","decl":{"start":{"line":39,"column":27},"end":{"line":39,"column":28}},"loc":{"start":{"line":39,"column":42},"end":{"line":55,"column":3}},"line":39},"5":{"name":"(anonymous_5)","decl":{"start":{"line":57,"column":24},"end":{"line":57,"column":25}},"loc":{"start":{"line":57,"column":39},"end":{"line":65,"column":3}},"line":57},"6":{"name":"(anonymous_6)","decl":{"start":{"line":67,"column":27},"end":{"line":67,"column":28}},"loc":{"start":{"line":67,"column":43},"end":{"line":72,"column":3}},"line":67},"7":{"name":"(anonymous_7)","decl":{"start":{"line":74,"column":19},"end":{"line":74,"column":20}},"loc":{"start":{"line":74,"column":35},"end":{"line":80,"column":3}},"line":74}},"branchMap":{"0":{"loc":{"start":{"line":23,"column":29},"end":{"line":23,"column":41}},"type":"default-arg","locations":[{"start":{"line":23,"column":40},"end":{"line":23,"column":41}}],"line":23},"1":{"loc":{"start":{"line":32,"column":4},"end":{"line":34,"column":5}},"type":"if","locations":[{"start":{"line":32,"column":4},"end":{"line":34,"column":5}},{"start":{"line":32,"column":4},"end":{"line":34,"column":5}}],"line":32},"2":{"loc":{"start":{"line":43,"column":4},"end":{"line":45,"column":5}},"type":"if","locations":[{"start":{"line":43,"column":4},"end":{"line":45,"column":5}},{"start":{"line":43,"column":4},"end":{"line":45,"column":5}}],"line":43},"3":{"loc":{"start":{"line":50,"column":4},"end":{"line":52,"column":5}},"type":"if","locations":[{"start":{"line":50,"column":4},"end":{"line":52,"column":5}},{"start":{"line":50,"column":4},"end":{"line":52,"column":5}}],"line":50},"4":{"loc":{"start":{"line":50,"column":8},"end":{"line":50,"column":64}},"type":"binary-expr","locations":[{"start":{"line":50,"column":8},"end":{"line":50,"column":34}},{"start":{"line":50,"column":38},"end":{"line":50,"column":64}}],"line":50},"5":{"loc":{"start":{"line":60,"column":4},"end":{"line":62,"column":5}},"type":"if","locations":[{"start":{"line":60,"column":4},"end":{"line":62,"column":5}},{"start":{"line":60,"column":4},"end":{"line":62,"column":5}}],"line":60},"6":{"loc":{"start":{"line":68,"column":4},"end":{"line":70,"column":5}},"type":"if","locations":[{"start":{"line":68,"column":4},"end":{"line":70,"column":5}},{"start":{"line":68,"column":4},"end":{"line":70,"column":5}}],"line":68},"7":{"loc":{"start":{"line":68,"column":8},"end":{"line":68,"column":59}},"type":"binary-expr","locations":[{"start":{"line":68,"column":8},"end":{"line":68,"column":30}},{"start":{"line":68,"column":34},"end":{"line":68,"column":59}}],"line":68},"8":{"loc":{"start":{"line":75,"column":4},"end":{"line":77,"column":5}},"type":"if","locations":[{"start":{"line":75,"column":4},"end":{"line":77,"column":5}},{"start":{"line":75,"column":4},"end":{"line":77,"column":5}}],"line":75}},"s":{"0":4,"1":16,"2":16,"3":16,"4":16,"5":16,"6":5,"7":16,"8":5,"9":2,"10":5,"11":16,"12":5,"13":5,"14":1,"15":4,"16":4,"17":2,"18":2,"19":16,"20":6,"21":6,"22":3,"23":6,"24":16,"25":5,"26":4,"27":1,"28":16,"29":11,"30":5,"31":6,"32":16},"f":{"0":16,"1":16,"2":5,"3":5,"4":5,"5":6,"6":5,"7":11},"b":{"0":[16],"1":[2,3],"2":[1,4],"3":[2,2],"4":[4,3],"5":[3,3],"6":[4,1],"7":[5,3],"8":[5,6]},"_coverageSchema":"43e27e138ebf9cfc5966b082cf9a028302ed4184","hash":"74ca403f9e8fec48d8cc4f9e2e2f7e9735995753"}
,"/home/konnor/the-odin-project/html-css-js/javascript/GetItDoneJS/src/js/mixins/itemMixins/withStartDate.js": {"path":"/home/konnor/the-odin-project/html-css-js/javascript/GetItDoneJS/src/js/mixins/itemMixins/withStartDate.js","statementMap":{"0":{"start":{"line":22,"column":29},"end":{"line":31,"column":1}},"1":{"start":{"line":22,"column":51},"end":{"line":31,"column":1}},"2":{"start":{"line":23,"column":23},"end":{"line":23,"column":38}},"3":{"start":{"line":23,"column":29},"end":{"line":23,"column":38}},"4":{"start":{"line":24,"column":23},"end":{"line":24,"column":65}},"5":{"start":{"line":24,"column":40},"end":{"line":24,"column":64}},"6":{"start":{"line":26,"column":2},"end":{"line":30,"column":4}}},"fnMap":{"0":{"name":"(anonymous_0)","decl":{"start":{"line":22,"column":29},"end":{"line":22,"column":30}},"loc":{"start":{"line":22,"column":51},"end":{"line":31,"column":1}},"line":22},"1":{"name":"(anonymous_1)","decl":{"start":{"line":22,"column":51},"end":{"line":22,"column":52}},"loc":{"start":{"line":22,"column":58},"end":{"line":31,"column":1}},"line":22},"2":{"name":"(anonymous_2)","decl":{"start":{"line":23,"column":23},"end":{"line":23,"column":24}},"loc":{"start":{"line":23,"column":29},"end":{"line":23,"column":38}},"line":23},"3":{"name":"(anonymous_3)","decl":{"start":{"line":24,"column":23},"end":{"line":24,"column":24}},"loc":{"start":{"line":24,"column":40},"end":{"line":24,"column":64}},"line":24}},"branchMap":{"0":{"loc":{"start":{"line":22,"column":30},"end":{"line":22,"column":46}},"type":"default-arg","locations":[{"start":{"line":22,"column":42},"end":{"line":22,"column":46}}],"line":22}},"s":{"0":4,"1":13,"2":13,"3":1,"4":13,"5":1,"6":13},"f":{"0":13,"1":13,"2":1,"3":1},"b":{"0":[13]},"_coverageSchema":"43e27e138ebf9cfc5966b082cf9a028302ed4184","hash":"673d6b52e047cac32159eb04f5034cc84f8b4f12"}
,"/home/konnor/the-odin-project/html-css-js/javascript/GetItDoneJS/src/js/mixins/itemMixins/withTitle.js": {"path":"/home/konnor/the-odin-project/html-css-js/javascript/GetItDoneJS/src/js/mixins/itemMixins/withTitle.js","statementMap":{"0":{"start":{"line":22,"column":25},"end":{"line":32,"column":1}},"1":{"start":{"line":22,"column":41},"end":{"line":32,"column":1}},"2":{"start":{"line":23,"column":15},"end":{"line":23,"column":20}},"3":{"start":{"line":24,"column":19},"end":{"line":24,"column":31}},"4":{"start":{"line":24,"column":25},"end":{"line":24,"column":31}},"5":{"start":{"line":25,"column":19},"end":{"line":25,"column":50}},"6":{"start":{"line":25,"column":32},"end":{"line":25,"column":49}},"7":{"start":{"line":27,"column":2},"end":{"line":31,"column":4}}},"fnMap":{"0":{"name":"(anonymous_0)","decl":{"start":{"line":22,"column":25},"end":{"line":22,"column":26}},"loc":{"start":{"line":22,"column":41},"end":{"line":32,"column":1}},"line":22},"1":{"name":"(anonymous_1)","decl":{"start":{"line":22,"column":41},"end":{"line":22,"column":42}},"loc":{"start":{"line":22,"column":48},"end":{"line":32,"column":1}},"line":22},"2":{"name":"(anonymous_2)","decl":{"start":{"line":24,"column":19},"end":{"line":24,"column":20}},"loc":{"start":{"line":24,"column":25},"end":{"line":24,"column":31}},"line":24},"3":{"name":"(anonymous_3)","decl":{"start":{"line":25,"column":19},"end":{"line":25,"column":20}},"loc":{"start":{"line":25,"column":32},"end":{"line":25,"column":49}},"line":25}},"branchMap":{"0":{"loc":{"start":{"line":22,"column":26},"end":{"line":22,"column":36}},"type":"default-arg","locations":[{"start":{"line":22,"column":34},"end":{"line":22,"column":36}}],"line":22}},"s":{"0":4,"1":13,"2":13,"3":13,"4":2,"5":13,"6":1,"7":13},"f":{"0":13,"1":13,"2":2,"3":1},"b":{"0":[13]},"_coverageSchema":"43e27e138ebf9cfc5966b082cf9a028302ed4184","hash":"a7695f6af56ab8274e2ab0dcd9dd0ea6ea370f15"}
,"/home/konnor/the-odin-project/html-css-js/javascript/GetItDoneJS/src/js/utils/arrayUtils.js": {"path":"/home/konnor/the-odin-project/html-css-js/javascript/GetItDoneJS/src/js/utils/arrayUtils.js","statementMap":{"0":{"start":{"line":22,"column":26},"end":{"line":26,"column":1}},"1":{"start":{"line":22,"column":33},"end":{"line":26,"column":1}},"2":{"start":{"line":23,"column":17},"end":{"line":23,"column":20}},"3":{"start":{"line":24,"column":2},"end":{"line":24,"column":59}},"4":{"start":{"line":24,"column":37},"end":{"line":24,"column":57}},"5":{"start":{"line":25,"column":2},"end":{"line":25,"column":16}}},"fnMap":{"0":{"name":"(anonymous_0)","decl":{"start":{"line":22,"column":26},"end":{"line":22,"column":27}},"loc":{"start":{"line":22,"column":33},"end":{"line":26,"column":1}},"line":22},"1":{"name":"(anonymous_1)","decl":{"start":{"line":22,"column":33},"end":{"line":22,"column":34}},"loc":{"start":{"line":22,"column":50},"end":{"line":26,"column":1}},"line":22},"2":{"name":"(anonymous_2)","decl":{"start":{"line":24,"column":26},"end":{"line":24,"column":27}},"loc":{"start":{"line":24,"column":37},"end":{"line":24,"column":57}},"line":24}},"branchMap":{},"s":{"0":9,"1":11,"2":11,"3":11,"4":25,"5":11},"f":{"0":11,"1":11,"2":25},"b":{},"_coverageSchema":"43e27e138ebf9cfc5966b082cf9a028302ed4184","hash":"2470a9d216f022c6a45eb3ba1163c6ce27f54b36"}
,"/home/konnor/the-odin-project/html-css-js/javascript/GetItDoneJS/src/js/utils/domManipulator.js": {"path":"/home/konnor/the-odin-project/html-css-js/javascript/GetItDoneJS/src/js/utils/domManipulator.js","statementMap":{"0":{"start":{"line":8,"column":24},"end":{"line":19,"column":3}},"1":{"start":{"line":9,"column":4},"end":{"line":11,"column":5}},"2":{"start":{"line":10,"column":6},"end":{"line":10,"column":18}},"3":{"start":{"line":13,"column":24},"end":{"line":13,"column":55}},"4":{"start":{"line":16,"column":4},"end":{"line":16,"column":38}},"5":{"start":{"line":18,"column":4},"end":{"line":18,"column":23}},"6":{"start":{"line":23,"column":27},"end":{"line":25,"column":3}},"7":{"start":{"line":23,"column":37},"end":{"line":25,"column":3}},"8":{"start":{"line":24,"column":4},"end":{"line":24,"column":64}},"9":{"start":{"line":24,"column":37},"end":{"line":24,"column":62}},"10":{"start":{"line":27,"column":2},"end":{"line":30,"column":4}}},"fnMap":{"0":{"name":"DomManipulator","decl":{"start":{"line":6,"column":25},"end":{"line":6,"column":39}},"loc":{"start":{"line":6,"column":42},"end":{"line":31,"column":1}},"line":6},"1":{"name":"(anonymous_1)","decl":{"start":{"line":8,"column":24},"end":{"line":8,"column":25}},"loc":{"start":{"line":8,"column":49},"end":{"line":19,"column":3}},"line":8},"2":{"name":"(anonymous_2)","decl":{"start":{"line":23,"column":27},"end":{"line":23,"column":28}},"loc":{"start":{"line":23,"column":37},"end":{"line":25,"column":3}},"line":23},"3":{"name":"(anonymous_3)","decl":{"start":{"line":23,"column":37},"end":{"line":23,"column":38}},"loc":{"start":{"line":23,"column":54},"end":{"line":25,"column":3}},"line":23},"4":{"name":"(anonymous_4)","decl":{"start":{"line":24,"column":28},"end":{"line":24,"column":29}},"loc":{"start":{"line":24,"column":37},"end":{"line":24,"column":62}},"line":24}},"branchMap":{"0":{"loc":{"start":{"line":8,"column":34},"end":{"line":8,"column":44}},"type":"default-arg","locations":[{"start":{"line":8,"column":42},"end":{"line":8,"column":44}}],"line":8},"1":{"loc":{"start":{"line":9,"column":4},"end":{"line":11,"column":5}},"type":"if","locations":[{"start":{"line":9,"column":4},"end":{"line":11,"column":5}},{"start":{"line":9,"column":4},"end":{"line":11,"column":5}}],"line":9}},"s":{"0":1,"1":8,"2":1,"3":7,"4":7,"5":7,"6":1,"7":1,"8":1,"9":3,"10":1},"f":{"0":1,"1":8,"2":1,"3":1,"4":3},"b":{"0":[3],"1":[1,7]},"_coverageSchema":"43e27e138ebf9cfc5966b082cf9a028302ed4184","hash":"3f9357cc9c4fbf9db10237d088aa1c6588e20013"}
,"/home/konnor/the-odin-project/html-css-js/javascript/GetItDoneJS/src/js/utils/pipe.js": {"path":"/home/konnor/the-odin-project/html-css-js/javascript/GetItDoneJS/src/js/utils/pipe.js","statementMap":{"0":{"start":{"line":20,"column":20},"end":{"line":20,"column":66}},"1":{"start":{"line":20,"column":32},"end":{"line":20,"column":66}},"2":{"start":{"line":20,"column":37},"end":{"line":20,"column":66}},"3":{"start":{"line":20,"column":58},"end":{"line":20,"column":62}}},"fnMap":{"0":{"name":"(anonymous_0)","decl":{"start":{"line":20,"column":20},"end":{"line":20,"column":21}},"loc":{"start":{"line":20,"column":32},"end":{"line":20,"column":66}},"line":20},"1":{"name":"(anonymous_1)","decl":{"start":{"line":20,"column":32},"end":{"line":20,"column":33}},"loc":{"start":{"line":20,"column":37},"end":{"line":20,"column":66}},"line":20},"2":{"name":"(anonymous_2)","decl":{"start":{"line":20,"column":48},"end":{"line":20,"column":49}},"loc":{"start":{"line":20,"column":58},"end":{"line":20,"column":62}},"line":20}},"branchMap":{},"s":{"0":5,"1":24,"2":24,"3":112},"f":{"0":24,"1":24,"2":112},"b":{},"_coverageSchema":"43e27e138ebf9cfc5966b082cf9a028302ed4184","hash":"87bf72e56d0ee77e96ae24dadf07f405705153fb"}
}
