TN:
SF:/home/konnor/the-odin-project/html-css-js/javascript/GetItDoneJS/src/js/board.js
FN:14,Board
FN:17,(anonymous_1)
FNF:2
FNH:2
FNDA:1,Board
FNDA:1,(anonymous_1)
DA:15,1
DA:17,1
DA:19,1
LF:3
LH:3
BRDA:14,0,0,1
BRF:1
BRH:1
end_of_record
TN:
SF:/home/konnor/the-odin-project/html-css-js/javascript/GetItDoneJS/src/js/project.js
FN:16,Project
FN:19,(anonymous_1)
FNF:2
FNH:2
FNDA:8,Project
FNDA:2,(anonymous_1)
DA:17,8
DA:19,8
DA:21,8
LF:3
LH:3
BRDA:16,0,0,6
BRF:1
BRH:1
end_of_record
TN:
SF:/home/konnor/the-odin-project/html-css-js/javascript/GetItDoneJS/src/js/task.js
FN:16,Task
FN:19,(anonymous_1)
FNF:2
FNH:2
FNDA:1,Task
FNDA:1,(anonymous_1)
DA:17,1
DA:19,1
DA:21,1
LF:3
LH:3
BRDA:16,0,0,1
BRF:1
BRH:1
end_of_record
TN:
SF:/home/konnor/the-odin-project/html-css-js/javascript/GetItDoneJS/src/js/mixins/itemMixin.js
FN:19,(anonymous_0)
FN:19,(anonymous_1)
FNF:2
FNH:2
FNDA:11,(anonymous_0)
FNDA:11,(anonymous_1)
DA:19,11
DA:20,11
LF:2
LH:2
BRDA:19,0,0,1
BRF:1
BRH:1
end_of_record
TN:
SF:/home/konnor/the-odin-project/html-css-js/javascript/GetItDoneJS/src/js/mixins/withProjects.js
FN:24,(anonymous_0)
FN:24,(anonymous_1)
FN:27,(anonymous_2)
FN:32,(anonymous_3)
FNF:4
FNH:4
FNDA:1,(anonymous_0)
FNDA:1,(anonymous_1)
FNDA:1,(anonymous_2)
FNDA:1,(anonymous_3)
DA:24,2
DA:25,1
DA:27,1
DA:28,1
DA:29,1
DA:32,1
DA:34,1
LF:7
LH:7
BRDA:24,0,0,1
BRF:1
BRH:1
end_of_record
TN:
SF:/home/konnor/the-odin-project/html-css-js/javascript/GetItDoneJS/src/js/mixins/withTasks.js
FN:24,(anonymous_0)
FN:24,(anonymous_1)
FN:27,(anonymous_2)
FN:32,(anonymous_3)
FNF:4
FNH:4
FNDA:9,(anonymous_0)
FNDA:9,(anonymous_1)
FNDA:4,(anonymous_2)
FNDA:7,(anonymous_3)
DA:24,9
DA:25,9
DA:27,9
DA:28,4
DA:29,4
DA:32,9
DA:34,9
LF:7
LH:7
BRDA:24,0,0,8
BRF:1
BRH:1
end_of_record
TN:
SF:/home/konnor/the-odin-project/html-css-js/javascript/GetItDoneJS/src/js/mixins/itemMixins/withDescription.js
FN:22,(anonymous_0)
FN:22,(anonymous_1)
FN:25,(anonymous_2)
FN:27,(anonymous_3)
FNF:4
FNH:4
FNDA:13,(anonymous_0)
FNDA:13,(anonymous_1)
FNDA:4,(anonymous_2)
FNDA:1,(anonymous_3)
DA:22,13
DA:23,13
DA:25,13
DA:27,13
DA:29,13
LF:5
LH:5
BRDA:22,0,0,12
BRF:1
BRH:1
end_of_record
TN:
SF:/home/konnor/the-odin-project/html-css-js/javascript/GetItDoneJS/src/js/mixins/itemMixins/withEndDate.js
FN:22,(anonymous_0)
FN:22,(anonymous_1)
FN:25,(anonymous_2)
FN:26,(anonymous_3)
FNF:4
FNH:4
FNDA:13,(anonymous_0)
FNDA:13,(anonymous_1)
FNDA:2,(anonymous_2)
FNDA:1,(anonymous_3)
DA:22,13
DA:23,13
DA:25,13
DA:26,13
DA:28,13
LF:5
LH:5
BRDA:22,0,0,13
BRF:1
BRH:1
end_of_record
TN:
SF:/home/konnor/the-odin-project/html-css-js/javascript/GetItDoneJS/src/js/mixins/itemMixins/withFinished.js
FN:26,(anonymous_0)
FN:26,(anonymous_1)
FN:29,(anonymous_2)
FN:30,(anonymous_3)
FN:31,(anonymous_4)
FN:32,(anonymous_5)
FNF:6
FNH:6
FNDA:13,(anonymous_0)
FNDA:13,(anonymous_1)
FNDA:4,(anonymous_2)
FNDA:3,(anonymous_3)
FNDA:1,(anonymous_4)
FNDA:1,(anonymous_5)
DA:26,13
DA:27,13
DA:29,13
DA:30,13
DA:31,13
DA:32,13
DA:34,13
LF:7
LH:7
BRDA:26,0,0,12
BRF:1
BRH:1
end_of_record
TN:
SF:/home/konnor/the-odin-project/html-css-js/javascript/GetItDoneJS/src/js/mixins/itemMixins/withLabels.js
FN:24,(anonymous_0)
FN:24,(anonymous_1)
FN:27,(anonymous_2)
FN:29,(anonymous_3)
FNF:4
FNH:4
FNDA:14,(anonymous_0)
FNDA:14,(anonymous_1)
FNDA:3,(anonymous_2)
FNDA:3,(anonymous_3)
DA:24,14
DA:25,14
DA:27,14
DA:29,14
DA:30,3
DA:31,3
DA:34,14
LF:7
LH:7
BRDA:24,0,0,14
BRF:1
BRH:1
end_of_record
TN:
SF:/home/konnor/the-odin-project/html-css-js/javascript/GetItDoneJS/src/js/mixins/itemMixins/withNotes.js
FN:25,(anonymous_0)
FN:25,(anonymous_1)
FN:28,(anonymous_2)
FN:30,(anonymous_3)
FNF:4
FNH:4
FNDA:14,(anonymous_0)
FNDA:14,(anonymous_1)
FNDA:3,(anonymous_2)
FNDA:3,(anonymous_3)
DA:25,14
DA:26,14
DA:28,14
DA:30,14
DA:31,3
DA:32,3
DA:35,14
LF:7
LH:7
BRDA:25,0,0,14
BRF:1
BRH:1
end_of_record
TN:
SF:/home/konnor/the-odin-project/html-css-js/javascript/GetItDoneJS/src/js/mixins/itemMixins/withPriority.js
FN:23,(anonymous_0)
FN:23,(anonymous_1)
FN:28,(anonymous_2)
FN:30,(anonymous_3)
FN:39,(anonymous_4)
FN:57,(anonymous_5)
FN:67,(anonymous_6)
FN:74,(anonymous_7)
FNF:8
FNH:8
FNDA:16,(anonymous_0)
FNDA:16,(anonymous_1)
FNDA:5,(anonymous_2)
FNDA:5,(anonymous_3)
FNDA:5,(anonymous_4)
FNDA:6,(anonymous_5)
FNDA:5,(anonymous_6)
FNDA:11,(anonymous_7)
DA:23,16
DA:24,16
DA:25,16
DA:26,16
DA:28,16
DA:30,16
DA:32,5
DA:33,2
DA:36,5
DA:39,16
DA:40,5
DA:43,5
DA:44,1
DA:47,4
DA:50,4
DA:51,2
DA:54,2
DA:57,16
DA:58,6
DA:60,6
DA:61,3
DA:64,6
DA:67,16
DA:68,5
DA:69,4
DA:71,1
DA:74,16
DA:75,11
DA:76,5
DA:79,6
DA:82,16
LF:31
LH:31
BRDA:23,0,0,16
BRDA:32,1,0,2
BRDA:32,1,1,3
BRDA:43,2,0,1
BRDA:43,2,1,4
BRDA:50,3,0,2
BRDA:50,3,1,2
BRDA:50,4,0,4
BRDA:50,4,1,3
BRDA:60,5,0,3
BRDA:60,5,1,3
BRDA:68,6,0,4
BRDA:68,6,1,1
BRDA:68,7,0,5
BRDA:68,7,1,3
BRDA:75,8,0,5
BRDA:75,8,1,6
BRF:17
BRH:17
end_of_record
TN:
SF:/home/konnor/the-odin-project/html-css-js/javascript/GetItDoneJS/src/js/mixins/itemMixins/withStartDate.js
FN:22,(anonymous_0)
FN:22,(anonymous_1)
FN:23,(anonymous_2)
FN:24,(anonymous_3)
FNF:4
FNH:4
FNDA:13,(anonymous_0)
FNDA:13,(anonymous_1)
FNDA:1,(anonymous_2)
FNDA:1,(anonymous_3)
DA:22,13
DA:23,13
DA:24,13
DA:26,13
LF:4
LH:4
BRDA:22,0,0,13
BRF:1
BRH:1
end_of_record
TN:
SF:/home/konnor/the-odin-project/html-css-js/javascript/GetItDoneJS/src/js/mixins/itemMixins/withTitle.js
FN:22,(anonymous_0)
FN:22,(anonymous_1)
FN:24,(anonymous_2)
FN:25,(anonymous_3)
FNF:4
FNH:4
FNDA:13,(anonymous_0)
FNDA:13,(anonymous_1)
FNDA:2,(anonymous_2)
FNDA:1,(anonymous_3)
DA:22,13
DA:23,13
DA:24,13
DA:25,13
DA:27,13
LF:5
LH:5
BRDA:22,0,0,13
BRF:1
BRH:1
end_of_record
TN:
SF:/home/konnor/the-odin-project/html-css-js/javascript/GetItDoneJS/src/js/utils/arrayUtils.js
FN:22,(anonymous_0)
FN:22,(anonymous_1)
FN:24,(anonymous_2)
FNF:3
FNH:3
FNDA:11,(anonymous_0)
FNDA:11,(anonymous_1)
FNDA:25,(anonymous_2)
DA:22,11
DA:23,11
DA:24,25
DA:25,11
LF:4
LH:4
BRF:0
BRH:0
end_of_record
TN:
SF:/home/konnor/the-odin-project/html-css-js/javascript/GetItDoneJS/src/js/utils/domManipulator.js
FN:6,DomManipulator
FN:8,(anonymous_1)
FN:23,(anonymous_2)
FN:23,(anonymous_3)
FN:24,(anonymous_4)
FNF:5
FNH:5
FNDA:1,DomManipulator
FNDA:8,(anonymous_1)
FNDA:1,(anonymous_2)
FNDA:1,(anonymous_3)
FNDA:3,(anonymous_4)
DA:8,1
DA:9,8
DA:10,1
DA:13,7
DA:16,7
DA:18,7
DA:23,1
DA:24,3
DA:27,1
LF:9
LH:9
BRDA:8,0,0,3
BRDA:9,1,0,1
BRDA:9,1,1,7
BRF:3
BRH:3
end_of_record
TN:
SF:/home/konnor/the-odin-project/html-css-js/javascript/GetItDoneJS/src/js/utils/pipe.js
FN:20,(anonymous_0)
FN:20,(anonymous_1)
FN:20,(anonymous_2)
FNF:3
FNH:3
FNDA:24,(anonymous_0)
FNDA:24,(anonymous_1)
FNDA:112,(anonymous_2)
DA:20,112
LF:1
LH:1
BRF:0
BRH:0
end_of_record
